0 silly argv {
0 silly argv   _: [ 'run' ],
0 silly argv   stream: true,
0 silly argv   sort: true,
0 silly argv   lernaVersion: '5.1.8',
0 silly argv   '$0': '/Users/zhaocun16682/Documents/HelloBike/quark/node_modules/.bin/lerna',
0 silly argv   script: 'build'
0 silly argv }
1 notice cli v5.1.8
2 verbose rootPath /Users/zhaocun16682/Documents/HelloBike/quark
3 info versioning independent
4 error JSONError: Unexpected token "}" (0x7D) in JSON at position 1298 while parsing near "...size\": \" ^9.1.2\",\n  },\n  \"homepage\": \"ht..." in packages/quark-core/package.json
4 error
4 error   39 |     "rollup": "2.77.0",
4 error   40 |     "rollup-plugin-filesize": " ^9.1.2",
4 error > 41 |   },
4 error      |   ^
4 error   42 |   "homepage": "https://quark.hellobike.com",
4 error   43 |   "repository": {
4 error   44 |     "type": "git",
4 error
4 error     at parseJson (/Users/zhaocun16682/Documents/HelloBike/quark/node_modules/parse-json/index.js:29:21)
4 error     at parse (/Users/zhaocun16682/Documents/HelloBike/quark/node_modules/load-json-file/index.js:15:9)
4 error     at module.exports (/Users/zhaocun16682/Documents/HelloBike/quark/node_modules/load-json-file/index.js:18:47)
